# JRE version: OpenJDK Runtime Environment Temurin-21.0.12.1+1 (21.0.12.1+1) (build 21.0.12.1+1-LTS)
# Java VM: OpenJDK 64-Bit Server VM Temurin-21.0.12.1+1 (21.0.12.1+1-LTS, mixed mode, sharing, tiered, compressed oops, compressed class ptrs, parallel gc, windows-amd64)
GC Precious Log:
 CardTable entry size: 512
 CPUs: 12 total, 12 available
 Memory: 7862M
 Large Page Support: Disabled
 NUMA Support: Disabled
 Compressed Oops: Enabled (32-bit)
 Alignments: Space 512K, Generation 512K, Heap 2M
 Heap Min Capacity: 100M
 Heap Initial Capacity: 100M
 Heap Max Capacity: 2G
 Pre-touch: Disabled
 Parallel Workers: 10
Heap:
 PSYoungGen      total 4608K, used 621K [0x00000000d5580000, 0x00000000d5d80000, 0x0000000100000000)
  eden space 4096K, 8% used [0x00000000d5580000,0x00000000d55d34b0,0x00000000d5980000)
  from space 512K, 56% used [0x00000000d5d00000,0x00000000d5d48000,0x00000000d5d80000)
  to   space 512K, 0% used [0x00000000d5c80000,0x00000000d5c80000,0x00000000d5d00000)
 ParOldGen       total 418304K, used 293395K [0x0000000080000000, 0x0000000099880000, 0x00000000d5580000)
  object space 418304K, 70% used [0x0000000080000000,0x0000000091e84c90,0x0000000099880000)
 Metaspace       used 80229K, committed 81984K, reserved 1179648K
  class space    used 8523K, committed 9280K, reserved 1048576K
GC Heap History (20 events):
Event: 181.549 GC heap before
{Heap before GC invocations=594 (full 3):
 PSYoungGen      total 4608K, used 4384K [0x00000000d5580000, 0x00000000d5d80000, 0x0000000100000000)
  eden space 4096K, 100% used [0x00000000d5580000,0x00000000d5980000,0x00000000d5980000)
  from space 512K, 56% used [0x00000000d5d00000,0x00000000d5d48000,0x00000000d5d80000)
  to   space 512K, 0% used [0x00000000d5c80000,0x00000000d5c80000,0x00000000d5d00000)
 ParOldGen       total 418304K, used 292172K [0x0000000080000000, 0x0000000099880000, 0x00000000d5580000)
  object space 418304K, 69% used [0x0000000080000000,0x0000000091d53240,0x0000000099880000)
 Metaspace       used 79014K, committed 80704K, reserved 1179648K
  class space    used 8410K, committed 9152K, reserved 1048576K
}
Event: 181.554 GC heap after
{Heap after GC invocations=594 (full 3):
 PSYoungGen      total 4608K, used 352K [0x00000000d5580000, 0x00000000d5d80000, 0x0000000100000000)
  eden space 4096K, 0% used [0x00000000d5580000,0x00000000d5580000,0x00000000d5980000)
  from space 512K, 68% used [0x00000000d5c80000,0x00000000d5cd8000,0x00000000d5d00000)
  to   space 512K, 0% used [0x00000000d5d00000,0x00000000d5d00000,0x00000000d5d80000)
 ParOldGen       total 418304K, used 292268K [0x0000000080000000, 0x0000000099880000, 0x00000000d5580000)
  object space 418304K, 69% used [0x0000000080000000,0x0000000091d6b240,0x0000000099880000)
 Metaspace       used 79014K, committed 80704K, reserved 1179648K
  class space    used 8410K, committed 9152K, reserved 1048576K
}
Event: 199.292 GC heap before
{Heap before GC invocations=595 (full 3):
 PSYoungGen      total 4608K, used 4448K [0x00000000d5580000, 0x00000000d5d80000, 0x0000000100000000)
  eden space 4096K, 100% used [0x00000000d5580000,0x00000000d5980000,0x00000000d5980000)
  from space 512K, 68% used [0x00000000d5c80000,0x00000000d5cd8000,0x00000000d5d00000)
  to   space 512K, 0% used [0x00000000d5d00000,0x00000000d5d00000,0x00000000d5d80000)
 ParOldGen       total 418304K, used 292268K [0x0000000080000000, 0x0000000099880000, 0x00000000d5580000)
  object space 418304K, 69% used [0x0000000080000000,0x0000000091d6b240,0x0000000099880000)
 Metaspace       used 79254K, committed 80960K, reserved 1179648K
  class space    used 8432K, committed 9152K, reserved 1048576K
}
Event: 199.296 GC heap after
{Heap after GC invocations=595 (full 3):
 PSYoungGen      total 4608K, used 288K [0x00000000d5580000, 0x00000000d5d80000, 0x0000000100000000)
  eden space 4096K, 0% used [0x00000000d5580000,0x00000000d5580000,0x00000000d5980000)
  from space 512K, 56% used [0x00000000d5d00000,0x00000000d5d48000,0x00000000d5d80000)
  to   space 512K, 0% used [0x00000000d5c80000,0x00000000d5c80000,0x00000000d5d00000)
 ParOldGen       total 418304K, used 292452K [0x0000000080000000, 0x0000000099880000, 0x00000000d5580000)
  object space 418304K, 69% used [0x0000000080000000,0x0000000091d99240,0x0000000099880000)
 Metaspace       used 79254K, committed 80960K, reserved 1179648K
  class space    used 8432K, committed 9152K, reserved 1048576K
}
Event: 250.366 GC heap before
{Heap before GC invocations=596 (full 3):
 PSYoungGen      total 4608K, used 4384K [0x00000000d5580000, 0x00000000d5d80000, 0x0000000100000000)
  eden space 4096K, 100% used [0x00000000d5580000,0x00000000d5980000,0x00000000d5980000)
  from space 512K, 56% used [0x00000000d5d00000,0x00000000d5d48000,0x00000000d5d80000)
  to   space 512K, 0% used [0x00000000d5c80000,0x00000000d5c80000,0x00000000d5d00000)
 ParOldGen       total 418304K, used 292452K [0x0000000080000000, 0x0000000099880000, 0x00000000d5580000)
  object space 418304K, 69% used [0x0000000080000000,0x0000000091d99240,0x0000000099880000)
 Metaspace       used 79273K, committed 81024K, reserved 1179648K
  class space    used 8432K, committed 9152K, reserved 1048576K
}
Event: 250.373 GC heap after
{Heap after GC invocations=596 (full 3):
 PSYoungGen      total 4608K, used 224K [0x00000000d5580000, 0x00000000d5d80000, 0x0000000100000000)
  eden space 4096K, 0% used [0x00000000d5580000,0x00000000d5580000,0x00000000d5980000)
  from space 512K, 43% used [0x00000000d5c80000,0x00000000d5cb8000,0x00000000d5d00000)
  to   space 512K, 0% used [0x00000000d5d00000,0x00000000d5d00000,0x00000000d5d80000)
 ParOldGen       total 418304K, used 292572K [0x0000000080000000, 0x0000000099880000, 0x00000000d5580000)
  object space 418304K, 69% used [0x0000000080000000,0x0000000091db7240,0x0000000099880000)
 Metaspace       used 79273K, committed 81024K, reserved 1179648K
  class space    used 8432K, committed 9152K, reserved 1048576K
}
Event: 265.660 GC heap before
{Heap before GC invocations=597 (full 3):
 PSYoungGen      total 4608K, used 4320K [0x00000000d5580000, 0x00000000d5d80000, 0x0000000100000000)
  eden space 4096K, 100% used [0x00000000d5580000,0x00000000d5980000,0x00000000d5980000)
  from space 512K, 43% used [0x00000000d5c80000,0x00000000d5cb8000,0x00000000d5d00000)
  to   space 512K, 0% used [0x00000000d5d00000,0x00000000d5d00000,0x00000000d5d80000)
 ParOldGen       total 418304K, used 292572K [0x0000000080000000, 0x0000000099880000, 0x00000000d5580000)
  object space 418304K, 69% used [0x0000000080000000,0x0000000091db7240,0x0000000099880000)
 Metaspace       used 79290K, committed 81024K, reserved 1179648K
  class space    used 8432K, committed 9152K, reserved 1048576K
}
Event: 265.665 GC heap after
{Heap after GC invocations=597 (full 3):
 PSYoungGen      total 4608K, used 512K [0x00000000d5580000, 0x00000000d5d80000, 0x0000000100000000)
  eden space 4096K, 0% used [0x00000000d5580000,0x00000000d5580000,0x00000000d5980000)
  from space 512K, 100% used [0x00000000d5d00000,0x00000000d5d80000,0x00000000d5d80000)
  to   space 1024K, 0% used [0x00000000d5b80000,0x00000000d5b80000,0x00000000d5c80000)
 ParOldGen       total 418304K, used 292612K [0x0000000080000000, 0x0000000099880000, 0x00000000d5580000)
  object space 418304K, 69% used [0x0000000080000000,0x0000000091dc1240,0x0000000099880000)
 Metaspace       used 79290K, committed 81024K, reserved 1179648K
  class space    used 8432K, committed 9152K, reserved 1048576K
}
Event: 266.397 GC heap before
{Heap before GC invocations=598 (full 3):
 PSYoungGen      total 4608K, used 4608K [0x00000000d5580000, 0x00000000d5d80000, 0x0000000100000000)
  eden space 4096K, 100% used [0x00000000d5580000,0x00000000d5980000,0x00000000d5980000)
  from space 512K, 100% used [0x00000000d5d00000,0x00000000d5d80000,0x00000000d5d80000)
  to   space 1024K, 0% used [0x00000000d5b80000,0x00000000d5b80000,0x00000000d5c80000)
 ParOldGen       total 418304K, used 292612K [0x0000000080000000, 0x0000000099880000, 0x00000000d5580000)
  object space 418304K, 69% used [0x0000000080000000,0x0000000091dc1240,0x0000000099880000)
 Metaspace       used 79302K, committed 81024K, reserved 1179648K
  class space    used 8432K, committed 9152K, reserved 1048576K
}
Event: 266.405 GC heap after
{Heap after GC invocations=598 (full 3):
 PSYoungGen      total 5120K, used 320K [0x00000000d5580000, 0x00000000d5d80000, 0x0000000100000000)
  eden space 4096K, 0% used [0x00000000d5580000,0x00000000d5580000,0x00000000d5980000)
  from space 1024K, 31% used [0x00000000d5b80000,0x00000000d5bd0000,0x00000000d5c80000)
  to   space 512K, 0% used [0x00000000d5d00000,0x00000000d5d00000,0x00000000d5d80000)
 ParOldGen       total 418304K, used 293059K [0x0000000080000000, 0x0000000099880000, 0x00000000d5580000)
  object space 418304K, 70% used [0x0000000080000000,0x0000000091e30c90,0x0000000099880000)
 Metaspace       used 79302K, committed 81024K, reserved 1179648K
  class space    used 8432K, committed 9152K, reserved 1048576K
}
Event: 269.618 GC heap before
{Heap before GC invocations=599 (full 3):
 PSYoungGen      total 5120K, used 4416K [0x00000000d5580000, 0x00000000d5d80000, 0x0000000100000000)
  eden space 4096K, 100% used [0x00000000d5580000,0x00000000d5980000,0x00000000d5980000)
  from space 1024K, 31% used [0x00000000d5b80000,0x00000000d5bd0000,0x00000000d5c80000)
  to   space 512K, 0% used [0x00000000d5d00000,0x00000000d5d00000,0x00000000d5d80000)
 ParOldGen       total 418304K, used 293059K [0x0000000080000000, 0x0000000099880000, 0x00000000d5580000)
  object space 418304K, 70% used [0x0000000080000000,0x0000000091e30c90,0x0000000099880000)
 Metaspace       used 79306K, committed 81024K, reserved 1179648K
  class space    used 8432K, committed 9152K, reserved 1048576K
}
Event: 269.623 GC heap after
{Heap after GC invocations=599 (full 3):
 PSYoungGen      total 4608K, used 192K [0x00000000d5580000, 0x00000000d5d80000, 0x0000000100000000)
  eden space 4096K, 0% used [0x00000000d5580000,0x00000000d5580000,0x00000000d5980000)
  from space 512K, 37% used [0x00000000d5d00000,0x00000000d5d30000,0x00000000d5d80000)
  to   space 512K, 0% used [0x00000000d5c80000,0x00000000d5c80000,0x00000000d5d00000)
 ParOldGen       total 418304K, used 293163K [0x0000000080000000, 0x0000000099880000, 0x00000000d5580000)
  object space 418304K, 70% used [0x0000000080000000,0x0000000091e4ac90,0x0000000099880000)
 Metaspace       used 79306K, committed 81024K, reserved 1179648K
  class space    used 8432K, committed 9152K, reserved 1048576K
}
Event: 270.183 GC heap before
{Heap before GC invocations=600 (full 3):
 PSYoungGen      total 4608K, used 4288K [0x00000000d5580000, 0x00000000d5d80000, 0x0000000100000000)
  eden space 4096K, 100% used [0x00000000d5580000,0x00000000d5980000,0x00000000d5980000)
  from space 512K, 37% used [0x00000000d5d00000,0x00000000d5d30000,0x00000000d5d80000)
  to   space 512K, 0% used [0x00000000d5c80000,0x00000000d5c80000,0x00000000d5d00000)
 ParOldGen       total 418304K, used 293163K [0x0000000080000000, 0x0000000099880000, 0x00000000d5580000)
  object space 418304K, 70% used [0x0000000080000000,0x0000000091e4ac90,0x0000000099880000)
 Metaspace       used 79318K, committed 81024K, reserved 1179648K
  class space    used 8432K, committed 9152K, reserved 1048576K
}
Event: 270.185 GC heap after
{Heap after GC invocations=600 (full 3):
 PSYoungGen      total 4608K, used 192K [0x00000000d5580000, 0x00000000d5d80000, 0x0000000100000000)
  eden space 4096K, 0% used [0x00000000d5580000,0x00000000d5580000,0x00000000d5980000)
  from space 512K, 37% used [0x00000000d5c80000,0x00000000d5cb0000,0x00000000d5d00000)
  to   space 512K, 0% used [0x00000000d5d00000,0x00000000d5d00000,0x00000000d5d80000)
 ParOldGen       total 418304K, used 293211K [0x0000000080000000, 0x0000000099880000, 0x00000000d5580000)
  object space 418304K, 70% used [0x0000000080000000,0x0000000091e56c90,0x0000000099880000)
 Metaspace       used 79318K, committed 81024K, reserved 1179648K
  class space    used 8432K, committed 9152K, reserved 1048576K
}
Event: 332.565 GC heap before
{Heap before GC invocations=601 (full 3):
 PSYoungGen      total 4608K, used 4288K [0x00000000d5580000, 0x00000000d5d80000, 0x0000000100000000)
  eden space 4096K, 100% used [0x00000000d5580000,0x00000000d5980000,0x00000000d5980000)
  from space 512K, 37% used [0x00000000d5c80000,0x00000000d5cb0000,0x00000000d5d00000)
  to   space 512K, 0% used [0x00000000d5d00000,0x00000000d5d00000,0x00000000d5d80000)
 ParOldGen       total 418304K, used 293211K [0x0000000080000000, 0x0000000099880000, 0x00000000d5580000)
  object space 418304K, 70% used [0x0000000080000000,0x0000000091e56c90,0x0000000099880000)
 Metaspace       used 79350K, committed 81024K, reserved 1179648K
  class space    used 8435K, committed 9152K, reserved 1048576K
}
Event: 332.571 GC heap after
{Heap after GC invocations=601 (full 3):
 PSYoungGen      total 4608K, used 320K [0x00000000d5580000, 0x00000000d5d80000, 0x0000000100000000)
  eden space 4096K, 0% used [0x00000000d5580000,0x00000000d5580000,0x00000000d5980000)
  from space 512K, 62% used [0x00000000d5d00000,0x00000000d5d50000,0x00000000d5d80000)
  to   space 512K, 0% used [0x00000000d5c80000,0x00000000d5c80000,0x00000000d5d00000)
 ParOldGen       total 418304K, used 293275K [0x0000000080000000, 0x0000000099880000, 0x00000000d5580000)
  object space 418304K, 70% used [0x0000000080000000,0x0000000091e66c90,0x0000000099880000)
 Metaspace       used 79350K, committed 81024K, reserved 1179648K
  class space    used 8435K, committed 9152K, reserved 1048576K
}
Event: 333.160 GC heap before
{Heap before GC invocations=602 (full 3):
 PSYoungGen      total 4608K, used 4415K [0x00000000d5580000, 0x00000000d5d80000, 0x0000000100000000)
  eden space 4096K, 99% used [0x00000000d5580000,0x00000000d597ffb8,0x00000000d5980000)
  from space 512K, 62% used [0x00000000d5d00000,0x00000000d5d50000,0x00000000d5d80000)
  to   space 512K, 0% used [0x00000000d5c80000,0x00000000d5c80000,0x00000000d5d00000)
 ParOldGen       total 418304K, used 293275K [0x0000000080000000, 0x0000000099880000, 0x00000000d5580000)
  object space 418304K, 70% used [0x0000000080000000,0x0000000091e66c90,0x0000000099880000)
 Metaspace       used 79932K, committed 81664K, reserved 1179648K
  class space    used 8488K, committed 9216K, reserved 1048576K
}
Event: 333.163 GC heap after
{Heap after GC invocations=602 (full 3):
 PSYoungGen      total 4608K, used 256K [0x00000000d5580000, 0x00000000d5d80000, 0x0000000100000000)
  eden space 4096K, 0% used [0x00000000d5580000,0x00000000d5580000,0x00000000d5980000)
  from space 512K, 50% used [0x00000000d5c80000,0x00000000d5cc0000,0x00000000d5d00000)
  to   space 512K, 0% used [0x00000000d5d00000,0x00000000d5d00000,0x00000000d5d80000)
 ParOldGen       total 418304K, used 293339K [0x0000000080000000, 0x0000000099880000, 0x00000000d5580000)
  object space 418304K, 70% used [0x0000000080000000,0x0000000091e76c90,0x0000000099880000)
 Metaspace       used 79932K, committed 81664K, reserved 1179648K
  class space    used 8488K, committed 9216K, reserved 1048576K
}
Event: 352.876 GC heap before
{Heap before GC invocations=603 (full 3):
 PSYoungGen      total 4608K, used 4352K [0x00000000d5580000, 0x00000000d5d80000, 0x0000000100000000)
  eden space 4096K, 100% used [0x00000000d5580000,0x00000000d5980000,0x00000000d5980000)
  from space 512K, 50% used [0x00000000d5c80000,0x00000000d5cc0000,0x00000000d5d00000)
  to   space 512K, 0% used [0x00000000d5d00000,0x00000000d5d00000,0x00000000d5d80000)
 ParOldGen       total 418304K, used 293339K [0x0000000080000000, 0x0000000099880000, 0x00000000d5580000)
  object space 418304K, 70% used [0x0000000080000000,0x0000000091e76c90,0x0000000099880000)
 Metaspace       used 80229K, committed 81984K, reserved 1179648K
  class space    used 8523K, committed 9280K, reserved 1048576K
}
Event: 352.895 GC heap after
{Heap after GC invocations=603 (full 3):
 PSYoungGen      total 4608K, used 288K [0x00000000d5580000, 0x00000000d5d80000, 0x0000000100000000)
  eden space 4096K, 0% used [0x00000000d5580000,0x00000000d5580000,0x00000000d5980000)
  from space 512K, 56% used [0x00000000d5d00000,0x00000000d5d48000,0x00000000d5d80000)
  to   space 512K, 0% used [0x00000000d5c80000,0x00000000d5c80000,0x00000000d5d00000)
 ParOldGen       total 418304K, used 293395K [0x0000000080000000, 0x0000000099880000, 0x00000000d5580000)
  object space 418304K, 70% used [0x0000000080000000,0x0000000091e84c90,0x0000000099880000)
 Metaspace       used 80229K, committed 81984K, reserved 1179648K
  class space    used 8523K, committed 9280K, reserved 1048576K
}

